[debug] [2020-05-07T05:35:13.715Z] ----------------------------------------------------------------------
[debug] [2020-05-07T05:35:13.718Z] Command:       C:\Program Files\nodejs\node.exe C:\Users\bob\AppData\Roaming\npm\node_modules\firebase-tools\lib\bin\firebase.js serve
[debug] [2020-05-07T05:35:13.718Z] CLI Version:   8.2.0
[debug] [2020-05-07T05:35:13.718Z] Platform:      win32
[debug] [2020-05-07T05:35:13.718Z] Node Version:  v12.16.1
[debug] [2020-05-07T05:35:13.719Z] Time:          Thu May 07 2020 01:35:13 GMT-0400 (Eastern Daylight Time)
[debug] [2020-05-07T05:35:13.720Z] ----------------------------------------------------------------------
[debug] [2020-05-07T05:35:13.720Z] 
[debug] [2020-05-07T05:35:13.732Z] > command requires scopes: ["email","openid","https://www.googleapis.com/auth/cloudplatformprojects.readonly","https://www.googleapis.com/auth/firebase","https://www.googleapis.com/auth/cloud-platform"]
[debug] [2020-05-07T05:35:13.733Z] > authorizing via signed-in user
[debug] [2020-05-07T05:35:13.733Z] [iam] checking project narroapp-v2 for permissions ["firebase.projects.get"]
[debug] [2020-05-07T05:35:13.739Z] >>> HTTP REQUEST POST https://cloudresourcemanager.googleapis.com/v1/projects/narroapp-v2:testIamPermissions  
 {"permissions":["firebase.projects.get"]}
[debug] [2020-05-07T05:35:13.931Z] <<< HTTP RESPONSE 200 {"content-type":"application/json; charset=UTF-8","vary":"X-Origin, Referer, Origin,Accept-Encoding","date":"Thu, 07 May 2020 05:35:13 GMT","server":"ESF","cache-control":"private","x-xss-protection":"0","x-frame-options":"SAMEORIGIN","x-content-type-options":"nosniff","server-timing":"gfet4t7; dur=44","alt-svc":"h3-27=\":443\"; ma=2592000,h3-25=\":443\"; ma=2592000,h3-Q050=\":443\"; ma=2592000,h3-Q049=\":443\"; ma=2592000,h3-Q048=\":443\"; ma=2592000,h3-Q046=\":443\"; ma=2592000,h3-Q043=\":443\"; ma=2592000,quic=\":443\"; ma=2592000; v=\"46,43\"","accept-ranges":"none","transfer-encoding":"chunked"}
[debug] [2020-05-07T05:35:13.934Z] >>> HTTP REQUEST GET https://firebase.googleapis.com/v1beta1/projects/narroapp-v2  
 
[debug] [2020-05-07T05:35:14.282Z] <<< HTTP RESPONSE 200 {"content-type":"application/json; charset=UTF-8","vary":"X-Origin, Referer, Origin,Accept-Encoding","date":"Thu, 07 May 2020 05:35:13 GMT","server":"ESF","cache-control":"private","x-xss-protection":"0","x-frame-options":"SAMEORIGIN","x-content-type-options":"nosniff","alt-svc":"h3-27=\":443\"; ma=2592000,h3-25=\":443\"; ma=2592000,h3-Q050=\":443\"; ma=2592000,h3-Q049=\":443\"; ma=2592000,h3-Q048=\":443\"; ma=2592000,h3-Q046=\":443\"; ma=2592000,h3-Q043=\":443\"; ma=2592000,quic=\":443\"; ma=2592000; v=\"46,43\"","accept-ranges":"none","transfer-encoding":"chunked"}
[info] 
[info] === Serving from 'C:\Dev\Projects\vue-material-kit-master\vue-material'...
[info] 
[debug] [2020-05-07T05:35:14.297Z] >>> HTTP REQUEST GET https://firebase.googleapis.com/v1beta1/projects/narroapp-v2/webApps/-/config  
 
[debug] [2020-05-07T05:35:14.794Z] <<< HTTP RESPONSE 200 {"content-type":"application/json; charset=UTF-8","vary":"X-Origin, Referer, Origin,Accept-Encoding","date":"Thu, 07 May 2020 05:35:14 GMT","server":"ESF","cache-control":"private","x-xss-protection":"0","x-frame-options":"SAMEORIGIN","x-content-type-options":"nosniff","alt-svc":"h3-27=\":443\"; ma=2592000,h3-25=\":443\"; ma=2592000,h3-Q050=\":443\"; ma=2592000,h3-Q049=\":443\"; ma=2592000,h3-Q048=\":443\"; ma=2592000,h3-Q046=\":443\"; ma=2592000,h3-Q043=\":443\"; ma=2592000,quic=\":443\"; ma=2592000; v=\"46,43\"","accept-ranges":"none","transfer-encoding":"chunked"}
[info] i  hosting: Serving hosting files from: dist
[info] +  hosting: Local server: http://localhost:5000
